<?xml version="1.0" encoding="UTF-8"?>
<testng-results ignored="0" total="1" passed="1" failed="0" skipped="0">
  <reporter-output>
  </reporter-output>
  <suite started-at="2024-02-04T18:43:47Z" name="Customer Flow test" finished-at="2024-02-04T18:43:56Z" duration-ms="9120">
    <groups>
    </groups>
    <test started-at="2024-02-04T18:43:47Z" name="Regression Test Cases" finished-at="2024-02-04T18:43:56Z" duration-ms="9120">
      <class name="com.smscustomerflow.testcases.TestCustomerFlow">
        <test-method is-config="true" signature="suiteSetup()[pri:0, instance:com.smscustomerflow.testcases.TestCustomerFlow@482bce4f]" started-at="2024-02-04T18:43:47Z" name="suiteSetup" finished-at="2024-02-04T18:43:47Z" duration-ms="397" status="PASS">
          <reporter-output>
          </reporter-output>
        </test-method> <!-- suiteSetup -->
        <test-method is-config="true" signature="registerMethod(java.lang.reflect.Method)[pri:0, instance:com.smscustomerflow.testcases.TestCustomerFlow@482bce4f]" started-at="2024-02-04T18:43:47Z" name="registerMethod" finished-at="2024-02-04T18:43:47Z" duration-ms="7" status="PASS">
          <params>
            <param index="0">
              <value>
                <![CDATA[public void com.smscustomerflow.testcases.TestCustomerFlow.testLoginAndCustomerFlow(java.lang.String) throws java.lang.InterruptedException,java.io.IOException,java.awt.AWTException]]>
              </value>
            </param>
          </params>
          <reporter-output>
          </reporter-output>
        </test-method> <!-- registerMethod -->
        <test-method signature="testLoginAndCustomerFlow(java.lang.String)[pri:0, instance:com.smscustomerflow.testcases.TestCustomerFlow@482bce4f]" started-at="2024-02-04T18:43:47Z" name="testLoginAndCustomerFlow" finished-at="2024-02-04T18:43:56Z" duration-ms="9074" status="PASS">
          <params>
            <param index="0">
              <value>
                <![CDATA[dev]]>
              </value>
            </param>
          </params>
          <reporter-output>
          </reporter-output>
        </test-method> <!-- testLoginAndCustomerFlow -->
        <test-method is-config="true" signature="afterMethod(org.testng.ITestResult)[pri:0, instance:com.smscustomerflow.testcases.TestCustomerFlow@482bce4f]" started-at="2024-02-04T18:43:56Z" name="afterMethod" finished-at="2024-02-04T18:43:56Z" duration-ms="4" status="PASS">
          <params>
            <param index="0">
              <value>
                <![CDATA[[TestResult name=testLoginAndCustomerFlow status=SUCCESS method=TestCustomerFlow.testLoginAndCustomerFlow(java.lang.String)[pri:0, instance:com.smscustomerflow.testcases.TestCustomerFlow@482bce4f] output={null}]]]>
              </value>
            </param>
          </params>
          <reporter-output>
          </reporter-output>
        </test-method> <!-- afterMethod -->
        <test-method is-config="true" signature="tearDown()[pri:0, instance:com.smscustomerflow.testcases.TestCustomerFlow@482bce4f]" started-at="2024-02-04T18:43:56Z" name="tearDown" finished-at="2024-02-04T18:43:57Z" duration-ms="573" status="PASS">
          <reporter-output>
          </reporter-output>
        </test-method> <!-- tearDown -->
      </class> <!-- com.smscustomerflow.testcases.TestCustomerFlow -->
    </test> <!-- Regression Test Cases -->
  </suite> <!-- Customer Flow test -->
</testng-results>
